c:\users\kay\source\repos\pacman\pacman\x64\debug\vc141.pdb
c:\users\kay\source\repos\pacman\pacman\x64\debug\vc141.idb
c:\users\kay\source\repos\pacman\pacman\x64\debug\scene.obj
c:\users\kay\source\repos\pacman\pacman\x64\debug\pacmanapp.obj
c:\users\kay\source\repos\pacman\pacman\x64\debug\menu.obj
c:\users\kay\source\repos\pacman\pacman\x64\debug\main.obj
c:\users\kay\source\repos\pacman\pacman\x64\debug\gameover.obj
c:\users\kay\source\repos\pacman\pacman\x64\debug\dots.obj
c:\users\kay\source\repos\pacman\pacman\x64\debug\background.obj
c:\users\kay\source\repos\pacman\pacman\x64\debug\game.obj
c:\users\kay\source\repos\pacman\pacman\x64\debug\pacman.obj
c:\users\kay\source\repos\pacman\pacman\x64\debug\actors.obj
c:\users\kay\source\repos\pacman\pacman\x64\debug\pokey.obj
c:\users\kay\source\repos\pacman\pacman\x64\debug\pinky.obj
c:\users\kay\source\repos\pacman\pacman\x64\debug\inky.obj
c:\users\kay\source\repos\pacman\pacman\x64\debug\ghosts.obj
c:\users\kay\source\repos\pacman\pacman\x64\debug\blinky.obj
c:\users\kay\source\repos\pacman\x64\debug\pacman.exe
c:\users\kay\source\repos\pacman\x64\debug\pacman.ilk
c:\users\kay\source\repos\pacman\x64\debug\pacman.pdb
c:\users\kay\source\repos\pacman\pacman\x64\debug\actors.obj.enc
c:\users\kay\source\repos\pacman\pacman\x64\debug\pacman.tlog\cl.command.1.tlog
c:\users\kay\source\repos\pacman\pacman\x64\debug\pacman.tlog\cl.read.1.tlog
c:\users\kay\source\repos\pacman\pacman\x64\debug\pacman.tlog\cl.write.1.tlog
c:\users\kay\source\repos\pacman\pacman\x64\debug\pacman.tlog\link.command.1.tlog
c:\users\kay\source\repos\pacman\pacman\x64\debug\pacman.tlog\link.read.1.tlog
c:\users\kay\source\repos\pacman\pacman\x64\debug\pacman.tlog\link.write.1.tlog
